Using pre-set license
Built from '2020.3/staging' branch; Version is '2020.3.5f1 (8095aa901b9b) revision 8426922'; Using compiler version '192528614'; Build Type 'Release'
OS: 'Windows 10 Pro; OS build 19043.1052; Version 2009; 64bit' Language: 'ko' Physical Memory: 16347 MB
BatchMode: 1, IsHumanControllingUs: 0, StartBugReporterOnCrash: 0, Is64bit: 1, IsPro: 0

 COMMAND LINE ARGUMENTS:
C:\Program Files\Unity\Hub\Editor\2020.3.5f1\Editor\Unity.exe
-adb2
-batchMode
-noUpm
-name
AssetImportWorker0
-projectPath
F:/Study/QuantumStudy/quantum_unity
-logFile
Logs/AssetImportWorker0.log
-srvPort
11258
Successfully changed project path to: F:/Study/QuantumStudy/quantum_unity
F:/Study/QuantumStudy/quantum_unity
Using Asset Import Pipeline V2.
Refreshing native plugins compatible for Editor in 53.97 ms, found 0 plugins.
Preloading 0 native plugins for Editor in 0.00 ms.
Initialize engine version: 2020.3.5f1 (8095aa901b9b)
[Subsystems] Discovering subsystems at path C:/Program Files/Unity/Hub/Editor/2020.3.5f1/Editor/Data/Resources/UnitySubsystems
[Subsystems] Discovering subsystems at path F:/Study/QuantumStudy/quantum_unity/Assets
GfxDevice: creating device client; threaded=0
Direct3D:
    Version:  Direct3D 11.0 [level 11.1]
    Renderer: NVIDIA GeForce GTX 1050 Ti (ID=0x1c82)
    Vendor:   
    VRAM:     4018 MB
    Driver:   27.21.14.5671
Initialize mono
Mono path[0] = 'C:/Program Files/Unity/Hub/Editor/2020.3.5f1/Editor/Data/Managed'
Mono path[1] = 'C:/Program Files/Unity/Hub/Editor/2020.3.5f1/Editor/Data/MonoBleedingEdge/lib/mono/unityjit'
Mono config path = 'C:/Program Files/Unity/Hub/Editor/2020.3.5f1/Editor/Data/MonoBleedingEdge/etc'
Using monoOptions --debugger-agent=transport=dt_socket,embedding=1,server=y,suspend=n,address=127.0.0.1:56776
Begin MonoManager ReloadAssembly
Registering precompiled unity dll's ...
Register platform support module: C:/Program Files/Unity/Hub/Editor/2020.3.5f1/Editor/Data/PlaybackEngines/WindowsStandaloneSupport/UnityEditor.WindowsStandalone.Extensions.dll
Registered in 0.004163 seconds.
Native extension for WindowsStandalone target not found
Refreshing native plugins compatible for Editor in 39.74 ms, found 0 plugins.
Preloading 0 native plugins for Editor in 0.00 ms.
Mono: successfully reloaded assembly
- Completed reload, in  5.901 seconds
Platform modules already initialized, skipping
Registering precompiled user dll's ...
Registered in 0.008645 seconds.
Begin MonoManager ReloadAssembly
Native extension for WindowsStandalone target not found
Refreshing native plugins compatible for Editor in 0.49 ms, found 0 plugins.
Preloading 0 native plugins for Editor in 0.00 ms.
Mono: successfully reloaded assembly
- Completed reload, in  8.992 seconds
Platform modules already initialized, skipping
========================================================================
Worker process is ready to serve import requests
Launched and connected shader compiler UnityShaderCompiler.exe after 0.17 seconds
Refreshing native plugins compatible for Editor in 0.50 ms, found 0 plugins.
Preloading 0 native plugins for Editor in 0.00 ms.
Unloading 1873 Unused Serialized files (Serialized files now loaded: 0)
System memory in use before: 81.8 MB.
System memory in use after: 81.8 MB.

Unloading 48 unused Assets to reduce memory usage. Loaded Objects now: 2289.
Total: 2.607900 ms (FindLiveObjects: 0.381600 ms CreateObjectMapping: 0.131900 ms MarkObjects: 1.967300 ms  DeleteObjects: 0.126000 ms)

========================================================================
Received Import Request.
  path: Assets/Resources/DB/Projectile.prefab
  artifactKey: Guid(3f7781d825b27514fb478cde2ec681c5) Importer(815301076,1909f56bfc062723c751e8b465ee728b)
Start importing Assets/Resources/DB/Projectile.prefab using Guid(3f7781d825b27514fb478cde2ec681c5) Importer(815301076,1909f56bfc062723c751e8b465ee728b)  -> (artifact id: '03c84d7ecf8aede7e10e969a83275433') in 0.409102 seconds
  Import took 0.412449 seconds .

========================================================================
Received Import Request.
  Time since last request: 0.000389 seconds.
  path: Assets/Resources/DB/Palyer.prefab
  artifactKey: Guid(126f96cf36d92a147a65ff8a3ddf24f2) Importer(815301076,1909f56bfc062723c751e8b465ee728b)
Start importing Assets/Resources/DB/Palyer.prefab using Guid(126f96cf36d92a147a65ff8a3ddf24f2) Importer(815301076,1909f56bfc062723c751e8b465ee728b)  -> (artifact id: '39e004dcce68cfc2da3e20f931b8e077') in 0.219356 seconds
  Import took 0.222755 seconds .

========================================================================
Received Prepare
Registering precompiled user dll's ...
Registered in 0.007892 seconds.
Begin MonoManager ReloadAssembly
Native extension for WindowsStandalone target not found
Refreshing native plugins compatible for Editor in 0.56 ms, found 0 plugins.
Preloading 0 native plugins for Editor in 0.00 ms.
Mono: successfully reloaded assembly
- Completed reload, in  0.996 seconds
Platform modules already initialized, skipping
Refreshing native plugins compatible for Editor in 0.60 ms, found 0 plugins.
Preloading 0 native plugins for Editor in 0.00 ms.
Unloading 1867 Unused Serialized files (Serialized files now loaded: 0)
System memory in use before: 84.7 MB.
System memory in use after: 84.8 MB.

Unloading 40 unused Assets to reduce memory usage. Loaded Objects now: 2302.
Total: 2.453800 ms (FindLiveObjects: 0.211700 ms CreateObjectMapping: 0.091500 ms MarkObjects: 2.116400 ms  DeleteObjects: 0.032600 ms)

========================================================================
Received Import Request.
  Time since last request: 1129.854900 seconds.
  path: Assets/Resources/DB/Projectile.prefab
  artifactKey: Guid(3f7781d825b27514fb478cde2ec681c5) Importer(815301076,1909f56bfc062723c751e8b465ee728b)
Start importing Assets/Resources/DB/Projectile.prefab using Guid(3f7781d825b27514fb478cde2ec681c5) Importer(815301076,1909f56bfc062723c751e8b465ee728b)  -> (artifact id: '2630b03c0a8e1e3f6f1055412206a49d') in 0.082942 seconds
  Import took 0.088280 seconds .

========================================================================
Received Prepare
Registering precompiled user dll's ...
Registered in 0.008818 seconds.
Begin MonoManager ReloadAssembly
Native extension for WindowsStandalone target not found
Refreshing native plugins compatible for Editor in 0.48 ms, found 0 plugins.
Preloading 0 native plugins for Editor in 0.00 ms.
Mono: successfully reloaded assembly
- Completed reload, in  1.063 seconds
Platform modules already initialized, skipping
Refreshing native plugins compatible for Editor in 0.54 ms, found 0 plugins.
Preloading 0 native plugins for Editor in 0.00 ms.
Unloading 1867 Unused Serialized files (Serialized files now loaded: 0)
System memory in use before: 84.7 MB.
System memory in use after: 84.8 MB.

Unloading 40 unused Assets to reduce memory usage. Loaded Objects now: 2306.
Total: 2.246300 ms (FindLiveObjects: 0.221500 ms CreateObjectMapping: 0.078700 ms MarkObjects: 1.916500 ms  DeleteObjects: 0.028000 ms)

========================================================================
Received Prepare
Registering precompiled user dll's ...
Registered in 0.007871 seconds.
Begin MonoManager ReloadAssembly
Native extension for WindowsStandalone target not found
Refreshing native plugins compatible for Editor in 0.49 ms, found 0 plugins.
Preloading 0 native plugins for Editor in 0.00 ms.
Mono: successfully reloaded assembly
- Completed reload, in  1.061 seconds
Platform modules already initialized, skipping
Refreshing native plugins compatible for Editor in 0.54 ms, found 0 plugins.
Preloading 0 native plugins for Editor in 0.00 ms.
Unloading 1867 Unused Serialized files (Serialized files now loaded: 0)
System memory in use before: 84.7 MB.
System memory in use after: 84.9 MB.

Unloading 39 unused Assets to reduce memory usage. Loaded Objects now: 2309.
Total: 2.277600 ms (FindLiveObjects: 0.219100 ms CreateObjectMapping: 0.103200 ms MarkObjects: 1.929400 ms  DeleteObjects: 0.024500 ms)

========================================================================
Received Import Request.
  Time since last request: 1701.640555 seconds.
  path: Assets/Resources/DB/NestedAssetType.prefab
  artifactKey: Guid(05df8d0413987fc4a9aaf934b4b346b8) Importer(815301076,1909f56bfc062723c751e8b465ee728b)
Start importing Assets/Resources/DB/NestedAssetType.prefab using Guid(05df8d0413987fc4a9aaf934b4b346b8) Importer(815301076,1909f56bfc062723c751e8b465ee728b)  -> (artifact id: '3bab436c73b7e86e0442ab9ccd6e9874') in 0.039988 seconds
  Import took 0.043304 seconds .

========================================================================
Received Prepare
Registering precompiled user dll's ...
Registered in 0.008856 seconds.
Begin MonoManager ReloadAssembly
Native extension for WindowsStandalone target not found
Refreshing native plugins compatible for Editor in 1.04 ms, found 0 plugins.
Preloading 0 native plugins for Editor in 0.00 ms.
Mono: successfully reloaded assembly
- Completed reload, in  1.392 seconds
Platform modules already initialized, skipping
Refreshing native plugins compatible for Editor in 0.51 ms, found 0 plugins.
Preloading 0 native plugins for Editor in 0.00 ms.
Unloading 1867 Unused Serialized files (Serialized files now loaded: 0)
System memory in use before: 84.8 MB.
System memory in use after: 84.9 MB.

Unloading 39 unused Assets to reduce memory usage. Loaded Objects now: 2312.
Total: 2.265700 ms (FindLiveObjects: 0.180200 ms CreateObjectMapping: 0.072200 ms MarkObjects: 1.988600 ms  DeleteObjects: 0.023600 ms)

========================================================================
Received Import Request.
  Time since last request: 13.503186 seconds.
  path: Assets/Resources/DB/Projectile.prefab
  artifactKey: Guid(3f7781d825b27514fb478cde2ec681c5) Importer(815301076,1909f56bfc062723c751e8b465ee728b)
Start importing Assets/Resources/DB/Projectile.prefab using Guid(3f7781d825b27514fb478cde2ec681c5) Importer(815301076,1909f56bfc062723c751e8b465ee728b)  -> (artifact id: 'b93a7a3372e7d216f18025e1b25b4172') in 0.112546 seconds
  Import took 0.115939 seconds .

========================================================================
Received Import Request.
  Time since last request: 3.644947 seconds.
  path: Assets/Resources/DB/Projectile.prefab
  artifactKey: Guid(3f7781d825b27514fb478cde2ec681c5) Importer(815301076,1909f56bfc062723c751e8b465ee728b)
Start importing Assets/Resources/DB/Projectile.prefab using Guid(3f7781d825b27514fb478cde2ec681c5) Importer(815301076,1909f56bfc062723c751e8b465ee728b)  -> (artifact id: '54efe3b8dbbb89ed9f4279fa22277397') in 0.010863 seconds
  Import took 0.014351 seconds .

========================================================================
Received Import Request.
  Time since last request: 6.282746 seconds.
  path: Assets/Resources/DB/Projectile.prefab
  artifactKey: Guid(3f7781d825b27514fb478cde2ec681c5) Importer(815301076,1909f56bfc062723c751e8b465ee728b)
Start importing Assets/Resources/DB/Projectile.prefab using Guid(3f7781d825b27514fb478cde2ec681c5) Importer(815301076,1909f56bfc062723c751e8b465ee728b)  -> (artifact id: '6beff634dd0be45e8d1232756b00ef37') in 0.009517 seconds
  Import took 0.012988 seconds .

========================================================================
Received Import Request.
  Time since last request: 1.015181 seconds.
  path: Assets/Resources/DB/Projectile.prefab
  artifactKey: Guid(3f7781d825b27514fb478cde2ec681c5) Importer(815301076,1909f56bfc062723c751e8b465ee728b)
Start importing Assets/Resources/DB/Projectile.prefab using Guid(3f7781d825b27514fb478cde2ec681c5) Importer(815301076,1909f56bfc062723c751e8b465ee728b)  -> (artifact id: '035e7120e2c9ab82095c7107327176a4') in 0.009365 seconds
  Import took 0.013460 seconds .

========================================================================
Received Prepare
Registering precompiled user dll's ...
Registered in 0.008336 seconds.
Begin MonoManager ReloadAssembly
Native extension for WindowsStandalone target not found
Refreshing native plugins compatible for Editor in 0.59 ms, found 0 plugins.
Preloading 0 native plugins for Editor in 0.00 ms.
Mono: successfully reloaded assembly
- Completed reload, in  1.380 seconds
Platform modules already initialized, skipping
Refreshing native plugins compatible for Editor in 0.52 ms, found 0 plugins.
Preloading 0 native plugins for Editor in 0.00 ms.
Unloading 1867 Unused Serialized files (Serialized files now loaded: 0)
System memory in use before: 84.8 MB.
System memory in use after: 84.9 MB.

Unloading 40 unused Assets to reduce memory usage. Loaded Objects now: 2316.
Total: 2.188500 ms (FindLiveObjects: 0.194000 ms CreateObjectMapping: 0.101000 ms MarkObjects: 1.839200 ms  DeleteObjects: 0.053400 ms)

========================================================================
Received Prepare
Registering precompiled user dll's ...
Registered in 0.007733 seconds.
Begin MonoManager ReloadAssembly
Native extension for WindowsStandalone target not found
Refreshing native plugins compatible for Editor in 0.63 ms, found 0 plugins.
Preloading 0 native plugins for Editor in 0.00 ms.
Mono: successfully reloaded assembly
- Completed reload, in  1.093 seconds
Platform modules already initialized, skipping
Refreshing native plugins compatible for Editor in 0.74 ms, found 0 plugins.
Preloading 0 native plugins for Editor in 0.00 ms.
Unloading 1867 Unused Serialized files (Serialized files now loaded: 0)
System memory in use before: 84.8 MB.
System memory in use after: 84.9 MB.

Unloading 39 unused Assets to reduce memory usage. Loaded Objects now: 2319.
Total: 1.797000 ms (FindLiveObjects: 0.212000 ms CreateObjectMapping: 0.073000 ms MarkObjects: 1.488100 ms  DeleteObjects: 0.022200 ms)

========================================================================
Received Prepare
Registering precompiled user dll's ...
Registered in 0.010442 seconds.
Begin MonoManager ReloadAssembly
Native extension for WindowsStandalone target not found
Refreshing native plugins compatible for Editor in 0.47 ms, found 0 plugins.
Preloading 0 native plugins for Editor in 0.00 ms.
Mono: successfully reloaded assembly
- Completed reload, in  1.253 seconds
Platform modules already initialized, skipping
Refreshing native plugins compatible for Editor in 0.78 ms, found 0 plugins.
Preloading 0 native plugins for Editor in 0.00 ms.
Unloading 1867 Unused Serialized files (Serialized files now loaded: 0)
System memory in use before: 84.8 MB.
System memory in use after: 84.9 MB.

Unloading 39 unused Assets to reduce memory usage. Loaded Objects now: 2322.
Total: 2.229200 ms (FindLiveObjects: 0.225900 ms CreateObjectMapping: 0.073100 ms MarkObjects: 1.902700 ms  DeleteObjects: 0.026000 ms)

========================================================================
Received Prepare
Registering precompiled user dll's ...
Registered in 0.007441 seconds.
Begin MonoManager ReloadAssembly
Native extension for WindowsStandalone target not found
Refreshing native plugins compatible for Editor in 1.69 ms, found 0 plugins.
Preloading 0 native plugins for Editor in 0.00 ms.
Mono: successfully reloaded assembly
- Completed reload, in  1.420 seconds
Platform modules already initialized, skipping
Refreshing native plugins compatible for Editor in 0.56 ms, found 0 plugins.
Preloading 0 native plugins for Editor in 0.00 ms.
Unloading 1867 Unused Serialized files (Serialized files now loaded: 0)
System memory in use before: 84.8 MB.
System memory in use after: 84.9 MB.

Unloading 39 unused Assets to reduce memory usage. Loaded Objects now: 2325.
Total: 2.157800 ms (FindLiveObjects: 0.296100 ms CreateObjectMapping: 0.104500 ms MarkObjects: 1.697100 ms  DeleteObjects: 0.057900 ms)

========================================================================
Received Prepare
Registering precompiled user dll's ...
Registered in 0.008957 seconds.
Begin MonoManager ReloadAssembly
Native extension for WindowsStandalone target not found
Refreshing native plugins compatible for Editor in 0.78 ms, found 0 plugins.
Preloading 0 native plugins for Editor in 0.00 ms.
Mono: successfully reloaded assembly
- Completed reload, in  1.470 seconds
Platform modules already initialized, skipping
Refreshing native plugins compatible for Editor in 0.50 ms, found 0 plugins.
Preloading 0 native plugins for Editor in 0.00 ms.
Unloading 1867 Unused Serialized files (Serialized files now loaded: 0)
System memory in use before: 84.8 MB.
System memory in use after: 84.9 MB.

Unloading 39 unused Assets to reduce memory usage. Loaded Objects now: 2328.
Total: 2.272000 ms (FindLiveObjects: 0.212400 ms CreateObjectMapping: 0.084800 ms MarkObjects: 1.949800 ms  DeleteObjects: 0.023900 ms)

========================================================================
Received Prepare
Registering precompiled user dll's ...
Registered in 0.008650 seconds.
Begin MonoManager ReloadAssembly
Native extension for WindowsStandalone target not found
Refreshing native plugins compatible for Editor in 0.81 ms, found 0 plugins.
Preloading 0 native plugins for Editor in 0.00 ms.
Mono: successfully reloaded assembly
- Completed reload, in  1.084 seconds
Platform modules already initialized, skipping
Refreshing native plugins compatible for Editor in 0.59 ms, found 0 plugins.
Preloading 0 native plugins for Editor in 0.00 ms.
Unloading 1867 Unused Serialized files (Serialized files now loaded: 0)
System memory in use before: 84.8 MB.
System memory in use after: 84.9 MB.

Unloading 39 unused Assets to reduce memory usage. Loaded Objects now: 2331.
Total: 2.337500 ms (FindLiveObjects: 0.347900 ms CreateObjectMapping: 0.136100 ms MarkObjects: 1.812200 ms  DeleteObjects: 0.039500 ms)

========================================================================
Received Prepare
Registering precompiled user dll's ...
Registered in 0.011846 seconds.
Begin MonoManager ReloadAssembly
Native extension for WindowsStandalone target not found
Refreshing native plugins compatible for Editor in 0.59 ms, found 0 plugins.
Preloading 0 native plugins for Editor in 0.00 ms.
Mono: successfully reloaded assembly
- Completed reload, in  1.488 seconds
Platform modules already initialized, skipping
Refreshing native plugins compatible for Editor in 0.78 ms, found 0 plugins.
Preloading 0 native plugins for Editor in 0.00 ms.
Unloading 1867 Unused Serialized files (Serialized files now loaded: 0)
System memory in use before: 84.8 MB.
System memory in use after: 84.9 MB.

Unloading 39 unused Assets to reduce memory usage. Loaded Objects now: 2334.
Total: 2.188800 ms (FindLiveObjects: 0.285100 ms CreateObjectMapping: 0.101800 ms MarkObjects: 1.771300 ms  DeleteObjects: 0.028700 ms)

========================================================================
Received Prepare
Registering precompiled user dll's ...
Registered in 0.009601 seconds.
Begin MonoManager ReloadAssembly
Native extension for WindowsStandalone target not found
Refreshing native plugins compatible for Editor in 0.80 ms, found 0 plugins.
Preloading 0 native plugins for Editor in 0.00 ms.
Mono: successfully reloaded assembly
- Completed reload, in  1.492 seconds
Platform modules already initialized, skipping
Refreshing native plugins compatible for Editor in 0.86 ms, found 0 plugins.
Preloading 0 native plugins for Editor in 0.00 ms.
Unloading 1867 Unused Serialized files (Serialized files now loaded: 0)
System memory in use before: 84.8 MB.
System memory in use after: 85.0 MB.

Unloading 39 unused Assets to reduce memory usage. Loaded Objects now: 2337.
Total: 3.003500 ms (FindLiveObjects: 0.450400 ms CreateObjectMapping: 0.288100 ms MarkObjects: 2.230200 ms  DeleteObjects: 0.032700 ms)

========================================================================
Received Prepare
Registering precompiled user dll's ...
Registered in 0.007488 seconds.
Begin MonoManager ReloadAssembly
Native extension for WindowsStandalone target not found
Refreshing native plugins compatible for Editor in 0.52 ms, found 0 plugins.
Preloading 0 native plugins for Editor in 0.00 ms.
Mono: successfully reloaded assembly
- Completed reload, in  0.982 seconds
Platform modules already initialized, skipping
Refreshing native plugins compatible for Editor in 0.50 ms, found 0 plugins.
Preloading 0 native plugins for Editor in 0.00 ms.
Unloading 1867 Unused Serialized files (Serialized files now loaded: 0)
System memory in use before: 84.8 MB.
System memory in use after: 85.0 MB.

Unloading 39 unused Assets to reduce memory usage. Loaded Objects now: 2340.
Total: 2.503200 ms (FindLiveObjects: 0.492200 ms CreateObjectMapping: 0.076800 ms MarkObjects: 1.905900 ms  DeleteObjects: 0.024900 ms)

========================================================================
Received Prepare
Registering precompiled user dll's ...
Registered in 0.551941 seconds.
Begin MonoManager ReloadAssembly
Native extension for WindowsStandalone target not found
Refreshing native plugins compatible for Editor in 1.92 ms, found 0 plugins.
Preloading 0 native plugins for Editor in 0.00 ms.
Mono: successfully reloaded assembly
- Completed reload, in  1.845 seconds
Platform modules already initialized, skipping
Refreshing native plugins compatible for Editor in 1.00 ms, found 0 plugins.
Preloading 0 native plugins for Editor in 0.00 ms.
Unloading 1867 Unused Serialized files (Serialized files now loaded: 0)
System memory in use before: 84.8 MB.
System memory in use after: 85.0 MB.

Unloading 39 unused Assets to reduce memory usage. Loaded Objects now: 2343.
Total: 2.805900 ms (FindLiveObjects: 0.617700 ms CreateObjectMapping: 0.293800 ms MarkObjects: 1.864100 ms  DeleteObjects: 0.028300 ms)

========================================================================
Received Prepare
Registering precompiled user dll's ...
Registered in 0.007481 seconds.
Begin MonoManager ReloadAssembly
Native extension for WindowsStandalone target not found
Refreshing native plugins compatible for Editor in 0.48 ms, found 0 plugins.
Preloading 0 native plugins for Editor in 0.00 ms.
Mono: successfully reloaded assembly
- Completed reload, in  1.080 seconds
Platform modules already initialized, skipping
Refreshing native plugins compatible for Editor in 0.55 ms, found 0 plugins.
Preloading 0 native plugins for Editor in 0.00 ms.
Unloading 1869 Unused Serialized files (Serialized files now loaded: 0)
System memory in use before: 84.9 MB.
System memory in use after: 85.0 MB.

Unloading 39 unused Assets to reduce memory usage. Loaded Objects now: 2348.
Total: 2.325200 ms (FindLiveObjects: 0.291700 ms CreateObjectMapping: 0.068100 ms MarkObjects: 1.905400 ms  DeleteObjects: 0.058900 ms)

========================================================================
Received Prepare
Registering precompiled user dll's ...
Registered in 0.007379 seconds.
Begin MonoManager ReloadAssembly
Native extension for WindowsStandalone target not found
Refreshing native plugins compatible for Editor in 0.48 ms, found 0 plugins.
Preloading 0 native plugins for Editor in 0.00 ms.
Mono: successfully reloaded assembly
- Completed reload, in  1.124 seconds
Platform modules already initialized, skipping
Refreshing native plugins compatible for Editor in 0.92 ms, found 0 plugins.
Preloading 0 native plugins for Editor in 0.00 ms.
Unloading 1869 Unused Serialized files (Serialized files now loaded: 0)
System memory in use before: 84.9 MB.
System memory in use after: 85.0 MB.

Unloading 39 unused Assets to reduce memory usage. Loaded Objects now: 2351.
Total: 3.664700 ms (FindLiveObjects: 0.341900 ms CreateObjectMapping: 0.139600 ms MarkObjects: 2.959100 ms  DeleteObjects: 0.221600 ms)

========================================================================
Received Prepare
Registering precompiled user dll's ...
Registered in 0.008541 seconds.
Begin MonoManager ReloadAssembly
Native extension for WindowsStandalone target not found
Refreshing native plugins compatible for Editor in 0.51 ms, found 0 plugins.
Preloading 0 native plugins for Editor in 0.00 ms.
Mono: successfully reloaded assembly
- Completed reload, in  1.033 seconds
Platform modules already initialized, skipping
Refreshing native plugins compatible for Editor in 0.62 ms, found 0 plugins.
Preloading 0 native plugins for Editor in 0.00 ms.
Unloading 1869 Unused Serialized files (Serialized files now loaded: 0)
System memory in use before: 84.9 MB.
System memory in use after: 85.0 MB.

Unloading 39 unused Assets to reduce memory usage. Loaded Objects now: 2354.
Total: 2.789200 ms (FindLiveObjects: 0.350400 ms CreateObjectMapping: 0.106800 ms MarkObjects: 2.298700 ms  DeleteObjects: 0.031500 ms)

========================================================================
Received Prepare
Registering precompiled user dll's ...
Registered in 0.010037 seconds.
Begin MonoManager ReloadAssembly
Native extension for WindowsStandalone target not found
Refreshing native plugins compatible for Editor in 0.77 ms, found 0 plugins.
Preloading 0 native plugins for Editor in 0.00 ms.
Mono: successfully reloaded assembly
- Completed reload, in  1.466 seconds
Platform modules already initialized, skipping
Refreshing native plugins compatible for Editor in 1.27 ms, found 0 plugins.
Preloading 0 native plugins for Editor in 0.00 ms.
Unloading 1869 Unused Serialized files (Serialized files now loaded: 0)
System memory in use before: 84.9 MB.
System memory in use after: 85.0 MB.

Unloading 39 unused Assets to reduce memory usage. Loaded Objects now: 2357.
Total: 3.359100 ms (FindLiveObjects: 0.976600 ms CreateObjectMapping: 0.249100 ms MarkObjects: 2.086200 ms  DeleteObjects: 0.044700 ms)

