Using pre-set license
Built from '2020.3/staging' branch; Version is '2020.3.5f1 (8095aa901b9b) revision 8426922'; Using compiler version '192528614'; Build Type 'Release'
OS: 'Windows 10 Pro; OS build 19041.985; Version 2004; 64bit' Language: 'ko' Physical Memory: 16347 MB
BatchMode: 1, IsHumanControllingUs: 0, StartBugReporterOnCrash: 0, Is64bit: 1, IsPro: 0

 COMMAND LINE ARGUMENTS:
C:\Program Files\Unity\Hub\Editor\2020.3.5f1\Editor\Unity.exe
-adb2
-batchMode
-noUpm
-name
AssetImportWorker0
-projectPath
F:/Study/2DBattleGround/quantum_unity
-logFile
Logs/AssetImportWorker0.log
-srvPort
4502
Successfully changed project path to: F:/Study/2DBattleGround/quantum_unity
F:/Study/2DBattleGround/quantum_unity
Using Asset Import Pipeline V2.
Refreshing native plugins compatible for Editor in 70.75 ms, found 0 plugins.
Preloading 0 native plugins for Editor in 0.00 ms.
Initialize engine version: 2020.3.5f1 (8095aa901b9b)
[Subsystems] Discovering subsystems at path C:/Program Files/Unity/Hub/Editor/2020.3.5f1/Editor/Data/Resources/UnitySubsystems
[Subsystems] Discovering subsystems at path F:/Study/2DBattleGround/quantum_unity/Assets
GfxDevice: creating device client; threaded=0
Direct3D:
    Version:  Direct3D 11.0 [level 11.1]
    Renderer: NVIDIA GeForce GTX 1050 Ti (ID=0x1c82)
    Vendor:   
    VRAM:     4018 MB
    Driver:   27.21.14.5671
Initialize mono
Mono path[0] = 'C:/Program Files/Unity/Hub/Editor/2020.3.5f1/Editor/Data/Managed'
Mono path[1] = 'C:/Program Files/Unity/Hub/Editor/2020.3.5f1/Editor/Data/MonoBleedingEdge/lib/mono/unityjit'
Mono config path = 'C:/Program Files/Unity/Hub/Editor/2020.3.5f1/Editor/Data/MonoBleedingEdge/etc'
Using monoOptions --debugger-agent=transport=dt_socket,embedding=1,server=y,suspend=n,address=127.0.0.1:56748
Begin MonoManager ReloadAssembly
Registering precompiled unity dll's ...
Register platform support module: C:/Program Files/Unity/Hub/Editor/2020.3.5f1/Editor/Data/PlaybackEngines/WindowsStandaloneSupport/UnityEditor.WindowsStandalone.Extensions.dll
Registered in 0.005220 seconds.
Native extension for WindowsStandalone target not found
Refreshing native plugins compatible for Editor in 69.43 ms, found 0 plugins.
Preloading 0 native plugins for Editor in 0.00 ms.
Mono: successfully reloaded assembly
- Completed reload, in  5.451 seconds
Platform modules already initialized, skipping
Registering precompiled user dll's ...
Registered in 0.012225 seconds.
Begin MonoManager ReloadAssembly
Native extension for WindowsStandalone target not found
Refreshing native plugins compatible for Editor in 0.84 ms, found 0 plugins.
Preloading 0 native plugins for Editor in 0.00 ms.
Mono: successfully reloaded assembly
- Completed reload, in  1.332 seconds
Platform modules already initialized, skipping
========================================================================
Worker process is ready to serve import requests
Launched and connected shader compiler UnityShaderCompiler.exe after 0.10 seconds
Refreshing native plugins compatible for Editor in 1.00 ms, found 0 plugins.
Preloading 0 native plugins for Editor in 0.00 ms.
Unloading 1871 Unused Serialized files (Serialized files now loaded: 0)
System memory in use before: 82.2 MB.
System memory in use after: 82.3 MB.

Unloading 48 unused Assets to reduce memory usage. Loaded Objects now: 2289.
Total: 3.037100 ms (FindLiveObjects: 0.384100 ms CreateObjectMapping: 0.128000 ms MarkObjects: 2.423100 ms  DeleteObjects: 0.099600 ms)

========================================================================
Received Import Request.
  path: Assets/Game/CNControls
  artifactKey: Guid(a42ea68f66cb1b74b9049f8b0d55126d) Importer(815301076,1909f56bfc062723c751e8b465ee728b)
Start importing Assets/Game/CNControls using Guid(a42ea68f66cb1b74b9049f8b0d55126d) Importer(815301076,1909f56bfc062723c751e8b465ee728b)  -> (artifact id: '124004f22edaf2d1098288ae261d565b') in 0.006646 seconds
  Import took 0.010199 seconds .

========================================================================
Received Import Request.
  Time since last request: 0.000395 seconds.
  path: Assets/Game
  artifactKey: Guid(abc0761f75b212b4b9004bc21d4b7430) Importer(815301076,1909f56bfc062723c751e8b465ee728b)
Start importing Assets/Game using Guid(abc0761f75b212b4b9004bc21d4b7430) Importer(815301076,1909f56bfc062723c751e8b465ee728b)  -> (artifact id: '68e74e7f0ae0bd8947982c357e79d1df') in 0.003851 seconds
  Import took 0.007883 seconds .

========================================================================
Received Import Request.
  Time since last request: 23.638667 seconds.
  path: Assets/Game/Weapon
  artifactKey: Guid(8579876bade17cd4a88df434d49ee67c) Importer(815301076,1909f56bfc062723c751e8b465ee728b)
Start importing Assets/Game/Weapon using Guid(8579876bade17cd4a88df434d49ee67c) Importer(815301076,1909f56bfc062723c751e8b465ee728b)  -> (artifact id: 'c7d701a948f2c2e917f2dc89b8d19e3c') in 0.003509 seconds
  Import took 0.007624 seconds .

========================================================================
Received Import Request.
  Time since last request: 50.608797 seconds.
  path: Assets/Game/Character
  artifactKey: Guid(ef0c001e00be175498292081b5eeeff3) Importer(815301076,1909f56bfc062723c751e8b465ee728b)
Start importing Assets/Game/Character using Guid(ef0c001e00be175498292081b5eeeff3) Importer(815301076,1909f56bfc062723c751e8b465ee728b)  -> (artifact id: '7c2c9ff4d9adf074a4b5842858fca2d8') in 0.004560 seconds
  Import took 0.009152 seconds .

========================================================================
Received Import Request.
  Time since last request: 74.610857 seconds.
  path: Assets/Game/Character/WeaponSpawner.cs
  artifactKey: Guid(4dca160024393f241adb2da49d48bb29) Importer(815301076,1909f56bfc062723c751e8b465ee728b)
Start importing Assets/Game/Character/WeaponSpawner.cs using Guid(4dca160024393f241adb2da49d48bb29) Importer(815301076,1909f56bfc062723c751e8b465ee728b)  -> (artifact id: '1106555a70fa041a58a28f4a696b85e2') in 0.095351 seconds
  Import took 0.100393 seconds .

========================================================================
Received Prepare
Registering precompiled user dll's ...
Registered in 0.010829 seconds.
Begin MonoManager ReloadAssembly
Native extension for WindowsStandalone target not found
Refreshing native plugins compatible for Editor in 0.93 ms, found 0 plugins.
Preloading 0 native plugins for Editor in 0.00 ms.
Mono: successfully reloaded assembly
- Completed reload, in  1.369 seconds
Platform modules already initialized, skipping
Refreshing native plugins compatible for Editor in 0.77 ms, found 0 plugins.
Preloading 0 native plugins for Editor in 0.00 ms.
Unloading 1866 Unused Serialized files (Serialized files now loaded: 0)
System memory in use before: 82.1 MB.
System memory in use after: 82.2 MB.

Unloading 39 unused Assets to reduce memory usage. Loaded Objects now: 2293.
Total: 2.417500 ms (FindLiveObjects: 0.224500 ms CreateObjectMapping: 0.080000 ms MarkObjects: 2.072200 ms  DeleteObjects: 0.039600 ms)

========================================================================
Received Import Request.
  Time since last request: 100.957408 seconds.
  path: Assets/Game/Character/WeaponSpawner.cs
  artifactKey: Guid(4dca160024393f241adb2da49d48bb29) Importer(815301076,1909f56bfc062723c751e8b465ee728b)
Start importing Assets/Game/Character/WeaponSpawner.cs using Guid(4dca160024393f241adb2da49d48bb29) Importer(815301076,1909f56bfc062723c751e8b465ee728b)  -> (artifact id: 'ee30dcc55a0db95f1db69c4677fe20a2') in 0.008996 seconds
  Import took 0.015244 seconds .

========================================================================
Received Import Request.
  Time since last request: 0.330005 seconds.
  path: Assets/Game/Character/WeaponSpawner.cs
  artifactKey: Guid(4dca160024393f241adb2da49d48bb29) Importer(815301076,1909f56bfc062723c751e8b465ee728b)
Start importing Assets/Game/Character/WeaponSpawner.cs using Guid(4dca160024393f241adb2da49d48bb29) Importer(815301076,1909f56bfc062723c751e8b465ee728b)  -> (artifact id: 'ee30dcc55a0db95f1db69c4677fe20a2') in 0.003830 seconds
  Import took 0.009312 seconds .

========================================================================
Received Prepare
Registering precompiled user dll's ...
Registered in 0.010788 seconds.
Begin MonoManager ReloadAssembly
Native extension for WindowsStandalone target not found
Refreshing native plugins compatible for Editor in 0.88 ms, found 0 plugins.
Preloading 0 native plugins for Editor in 0.00 ms.
Mono: successfully reloaded assembly
- Completed reload, in  1.337 seconds
Platform modules already initialized, skipping
Refreshing native plugins compatible for Editor in 0.79 ms, found 0 plugins.
Preloading 0 native plugins for Editor in 0.00 ms.
Unloading 1866 Unused Serialized files (Serialized files now loaded: 0)
System memory in use before: 82.1 MB.
System memory in use after: 82.2 MB.

Unloading 39 unused Assets to reduce memory usage. Loaded Objects now: 2296.
Total: 3.152500 ms (FindLiveObjects: 0.608600 ms CreateObjectMapping: 0.190400 ms MarkObjects: 2.286600 ms  DeleteObjects: 0.064300 ms)

========================================================================
Received Import Request.
  Time since last request: 148.121033 seconds.
  path: Assets/Resources/DB/Projectile.prefab
  artifactKey: Guid(3f7781d825b27514fb478cde2ec681c5) Importer(815301076,1909f56bfc062723c751e8b465ee728b)
Start importing Assets/Resources/DB/Projectile.prefab using Guid(3f7781d825b27514fb478cde2ec681c5) Importer(815301076,1909f56bfc062723c751e8b465ee728b)  -> (artifact id: 'ce979a457d0ba06bcec69b78ce202bb3') in 0.156305 seconds
  Import took 0.160668 seconds .

========================================================================
Received Import Request.
  Time since last request: 4.731353 seconds.
  path: Assets/Resources/DB/Palyer.prefab
  artifactKey: Guid(126f96cf36d92a147a65ff8a3ddf24f2) Importer(815301076,1909f56bfc062723c751e8b465ee728b)
Start importing Assets/Resources/DB/Palyer.prefab using Guid(126f96cf36d92a147a65ff8a3ddf24f2) Importer(815301076,1909f56bfc062723c751e8b465ee728b)  -> (artifact id: '42a9dc6e1fa79b6665c3bbe2472a6782') in 0.017344 seconds
  Import took 0.032409 seconds .

========================================================================
Received Import Request.
  Time since last request: 599.201256 seconds.
  path: Assets/Resources/DB/Palyer.prefab
  artifactKey: Guid(126f96cf36d92a147a65ff8a3ddf24f2) Importer(815301076,1909f56bfc062723c751e8b465ee728b)
Start importing Assets/Resources/DB/Palyer.prefab using Guid(126f96cf36d92a147a65ff8a3ddf24f2) Importer(815301076,1909f56bfc062723c751e8b465ee728b)  -> (artifact id: '39e004dcce68cfc2da3e20f931b8e077') in 0.014664 seconds
  Import took 0.028124 seconds .

========================================================================
Received Import Request.
  Time since last request: 22.080355 seconds.
  path: Assets/Game/CNControls/Prefabs/CNControlCamera.prefab
  artifactKey: Guid(c990eb8e10e39ea4c96cddc151fb6d73) Importer(815301076,1909f56bfc062723c751e8b465ee728b)
Start importing Assets/Game/CNControls/Prefabs/CNControlCamera.prefab using Guid(c990eb8e10e39ea4c96cddc151fb6d73) Importer(815301076,1909f56bfc062723c751e8b465ee728b)  -> (artifact id: 'd8651128a8741d3b6bb09f910995bff6') in 0.010348 seconds
  Import took 0.024572 seconds .

========================================================================
Received Import Request.
  Time since last request: 29.627344 seconds.
  path: Assets/Photon/QuantumDemo/Menu/Scripts/CustomCallbacks.cs
  artifactKey: Guid(7c7fbd9999eb6e94cb28b582b93c9d57) Importer(815301076,1909f56bfc062723c751e8b465ee728b)
Start importing Assets/Photon/QuantumDemo/Menu/Scripts/CustomCallbacks.cs using Guid(7c7fbd9999eb6e94cb28b582b93c9d57) Importer(815301076,1909f56bfc062723c751e8b465ee728b)  -> (artifact id: '3216e54dfe8e45d69fbc0afd86aeb86e') in 0.005856 seconds
  Import took 0.010164 seconds .

========================================================================
Received Import Request.
  Time since last request: 6.635522 seconds.
  path: Assets/Photon/Quantum/Scripts/AssetTypes/EntityComponentPhysicsCallbacks2D.cs
  artifactKey: Guid(0390fc735c056ca44942929f7c55b00b) Importer(815301076,1909f56bfc062723c751e8b465ee728b)
Start importing Assets/Photon/Quantum/Scripts/AssetTypes/EntityComponentPhysicsCallbacks2D.cs using Guid(0390fc735c056ca44942929f7c55b00b) Importer(815301076,1909f56bfc062723c751e8b465ee728b)  -> (artifact id: '68de620396d77d357706d400dcf23526') in 0.005409 seconds
  Import took 0.009696 seconds .

========================================================================
Received Import Request.
  Time since last request: 2.150542 seconds.
  path: Assets/Photon/Quantum/Generated/AssetTypes/EntityComponentPhysicsCallbacks2D.cs
  artifactKey: Guid(45e5e2649687af64fab974da64fbb2bf) Importer(815301076,1909f56bfc062723c751e8b465ee728b)
Start importing Assets/Photon/Quantum/Generated/AssetTypes/EntityComponentPhysicsCallbacks2D.cs using Guid(45e5e2649687af64fab974da64fbb2bf) Importer(815301076,1909f56bfc062723c751e8b465ee728b)  -> (artifact id: '92c8fa0ed9a39df4407aa7ff84f560d2') in 0.004007 seconds
  Import took 0.017221 seconds .

========================================================================
Received Import Request.
  Time since last request: 0.002851 seconds.
  path: Assets/Photon/Quantum/Generated/AssetTypes/EntityComponentPhysicsCallbacks2D.cs
  artifactKey: Guid(45e5e2649687af64fab974da64fbb2bf) Importer(815301076,1909f56bfc062723c751e8b465ee728b)
Start importing Assets/Photon/Quantum/Generated/AssetTypes/EntityComponentPhysicsCallbacks2D.cs using Guid(45e5e2649687af64fab974da64fbb2bf) Importer(815301076,1909f56bfc062723c751e8b465ee728b)  -> (artifact id: '92c8fa0ed9a39df4407aa7ff84f560d2') in 0.004896 seconds
  Import took 0.008834 seconds .

========================================================================
Received Import Request.
  Time since last request: 2.089800 seconds.
  path: Assets/Photon/Quantum/Scripts/AssetTypes/EntityComponentPhysicsCallbacks3D.cs
  artifactKey: Guid(9dc02350bf6e4cc4e91c825343785146) Importer(815301076,1909f56bfc062723c751e8b465ee728b)
Start importing Assets/Photon/Quantum/Scripts/AssetTypes/EntityComponentPhysicsCallbacks3D.cs using Guid(9dc02350bf6e4cc4e91c825343785146) Importer(815301076,1909f56bfc062723c751e8b465ee728b)  -> (artifact id: '2d2387623a1262e394cc7d44cc85440a') in 0.004907 seconds
  Import took 0.009574 seconds .

========================================================================
Received Import Request.
  Time since last request: 2.591379 seconds.
  path: Assets/Photon/Quantum/Generated/AssetTypes/EntityComponentPhysicsCallbacks3D.cs
  artifactKey: Guid(4fc39d181129c1049b2d1857bfdedb4f) Importer(815301076,1909f56bfc062723c751e8b465ee728b)
Start importing Assets/Photon/Quantum/Generated/AssetTypes/EntityComponentPhysicsCallbacks3D.cs using Guid(4fc39d181129c1049b2d1857bfdedb4f) Importer(815301076,1909f56bfc062723c751e8b465ee728b)  -> (artifact id: '4f68fdf3347f7d5bf50e190654b41f09') in 0.004026 seconds
  Import took 0.019651 seconds .

========================================================================
Received Import Request.
  Time since last request: 0.001710 seconds.
  path: Assets/Photon/Quantum/Generated/AssetTypes/EntityComponentPhysicsCallbacks3D.cs
  artifactKey: Guid(4fc39d181129c1049b2d1857bfdedb4f) Importer(815301076,1909f56bfc062723c751e8b465ee728b)
Start importing Assets/Photon/Quantum/Generated/AssetTypes/EntityComponentPhysicsCallbacks3D.cs using Guid(4fc39d181129c1049b2d1857bfdedb4f) Importer(815301076,1909f56bfc062723c751e8b465ee728b)  -> (artifact id: '4f68fdf3347f7d5bf50e190654b41f09') in 0.003329 seconds
  Import took 0.007734 seconds .

========================================================================
Received Import Request.
  Time since last request: 1.285541 seconds.
  path: Assets/Photon/Quantum/Scripts/Map/MapDataBakerCallback.cs
  artifactKey: Guid(ea800f33292781e4e984fe2edee00179) Importer(815301076,1909f56bfc062723c751e8b465ee728b)
Start importing Assets/Photon/Quantum/Scripts/Map/MapDataBakerCallback.cs using Guid(ea800f33292781e4e984fe2edee00179) Importer(815301076,1909f56bfc062723c751e8b465ee728b)  -> (artifact id: 'dbe07a21174256b35fb335ffd7b04309') in 0.003678 seconds
  Import took 0.007955 seconds .

========================================================================
Received Import Request.
  Time since last request: 2.339837 seconds.
  path: Assets/Photon/Quantum/Scripts/Map/MapDataBakerCallbackAttribute.cs
  artifactKey: Guid(d332362f5ad8d3b469cefe5531a9af2e) Importer(815301076,1909f56bfc062723c751e8b465ee728b)
Start importing Assets/Photon/Quantum/Scripts/Map/MapDataBakerCallbackAttribute.cs using Guid(d332362f5ad8d3b469cefe5531a9af2e) Importer(815301076,1909f56bfc062723c751e8b465ee728b)  -> (artifact id: 'bb6b10ab7f2035b80a7cbaefd98471ee') in 0.003626 seconds
  Import took 0.018310 seconds .

========================================================================
Received Import Request.
  Time since last request: 0.000716 seconds.
  path: Assets/Photon/Quantum/Scripts/Map/MapDataBakerCallbackAttribute.cs
  artifactKey: Guid(d332362f5ad8d3b469cefe5531a9af2e) Importer(815301076,1909f56bfc062723c751e8b465ee728b)
Start importing Assets/Photon/Quantum/Scripts/Map/MapDataBakerCallbackAttribute.cs using Guid(d332362f5ad8d3b469cefe5531a9af2e) Importer(815301076,1909f56bfc062723c751e8b465ee728b)  -> (artifact id: 'bb6b10ab7f2035b80a7cbaefd98471ee') in 0.003310 seconds
  Import took 0.007537 seconds .

========================================================================
Received Import Request.
  Time since last request: 1.383760 seconds.
  path: Assets/Photon/Quantum/Scripts/Dispatcher/QuantumCallback.cs
  artifactKey: Guid(bbd06ba4978c856468104dcefd5ee5f6) Importer(815301076,1909f56bfc062723c751e8b465ee728b)
Start importing Assets/Photon/Quantum/Scripts/Dispatcher/QuantumCallback.cs using Guid(bbd06ba4978c856468104dcefd5ee5f6) Importer(815301076,1909f56bfc062723c751e8b465ee728b)  -> (artifact id: '2e301a65b50aa2432f8d7b6e4fb35320') in 0.004153 seconds
  Import took 0.017348 seconds .

========================================================================
Received Import Request.
  Time since last request: 0.015824 seconds.
  path: Assets/Photon/Quantum/Scripts/Dispatcher/QuantumCallback.cs
  artifactKey: Guid(bbd06ba4978c856468104dcefd5ee5f6) Importer(815301076,1909f56bfc062723c751e8b465ee728b)
Start importing Assets/Photon/Quantum/Scripts/Dispatcher/QuantumCallback.cs using Guid(bbd06ba4978c856468104dcefd5ee5f6) Importer(815301076,1909f56bfc062723c751e8b465ee728b)  -> (artifact id: '2e301a65b50aa2432f8d7b6e4fb35320') in 0.003798 seconds
  Import took 0.008138 seconds .

========================================================================
Received Import Request.
  Time since last request: 3.266251 seconds.
  path: Assets/Photon/Quantum/Scripts/Dispatcher/QuantumCallbackHandler_DebugDraw.cs
  artifactKey: Guid(ebff76624f92bd04ea7951c7808a103e) Importer(815301076,1909f56bfc062723c751e8b465ee728b)
Start importing Assets/Photon/Quantum/Scripts/Dispatcher/QuantumCallbackHandler_DebugDraw.cs using Guid(ebff76624f92bd04ea7951c7808a103e) Importer(815301076,1909f56bfc062723c751e8b465ee728b)  -> (artifact id: 'bec19a9eff125e0402a6ad34cb67465d') in 0.004350 seconds
  Import took 0.009967 seconds .

========================================================================
Received Import Request.
  Time since last request: 1.926441 seconds.
  path: Assets/Photon/Quantum/Scripts/Dispatcher/QuantumCallbackHandler_FrameDiffer.cs
  artifactKey: Guid(092226bb7e3452b42807190865662476) Importer(815301076,1909f56bfc062723c751e8b465ee728b)
Start importing Assets/Photon/Quantum/Scripts/Dispatcher/QuantumCallbackHandler_FrameDiffer.cs using Guid(092226bb7e3452b42807190865662476) Importer(815301076,1909f56bfc062723c751e8b465ee728b)  -> (artifact id: '700072c8374944558d52c485b98a74a5') in 0.004075 seconds
  Import took 0.009677 seconds .

========================================================================
Received Import Request.
  Time since last request: 4.895980 seconds.
  path: Assets/Photon/Quantum/Scripts/Dispatcher/QuantumCallbackHandler_InitLayers.cs
  artifactKey: Guid(bf7829f623d01f447b7593c7062630fa) Importer(815301076,1909f56bfc062723c751e8b465ee728b)
Start importing Assets/Photon/Quantum/Scripts/Dispatcher/QuantumCallbackHandler_InitLayers.cs using Guid(bf7829f623d01f447b7593c7062630fa) Importer(815301076,1909f56bfc062723c751e8b465ee728b)  -> (artifact id: '141d5d67e24fa2fb59baa0e1bb1314d2') in 0.004013 seconds
  Import took 0.008562 seconds .

========================================================================
Received Import Request.
  Time since last request: 1.151834 seconds.
  path: Assets/Photon/Quantum/Scripts/Dispatcher/QuantumCallbackHandler_LegacyQuantumCallback.cs
  artifactKey: Guid(9c6fb6dde4b6e8b458daae7f5b78bad4) Importer(815301076,1909f56bfc062723c751e8b465ee728b)
Start importing Assets/Photon/Quantum/Scripts/Dispatcher/QuantumCallbackHandler_LegacyQuantumCallback.cs using Guid(9c6fb6dde4b6e8b458daae7f5b78bad4) Importer(815301076,1909f56bfc062723c751e8b465ee728b)  -> (artifact id: '3c48f98a6ec7b1c359f548474bc4c2b7') in 0.003854 seconds
  Import took 0.009166 seconds .

========================================================================
Received Import Request.
  Time since last request: 1.741567 seconds.
  path: Assets/Photon/Quantum/Scripts/Dispatcher/QuantumCallbackHandler_StartRecording.cs
  artifactKey: Guid(bfd43e9af03e4d94aa4fcf4747b445be) Importer(815301076,1909f56bfc062723c751e8b465ee728b)
Start importing Assets/Photon/Quantum/Scripts/Dispatcher/QuantumCallbackHandler_StartRecording.cs using Guid(bfd43e9af03e4d94aa4fcf4747b445be) Importer(815301076,1909f56bfc062723c751e8b465ee728b)  -> (artifact id: 'f37cfb393a7cdaf9dfc0e751c185ba02') in 0.003658 seconds
  Import took 0.007924 seconds .

========================================================================
Received Import Request.
  Time since last request: 2.655137 seconds.
  path: Assets/Photon/Quantum/Scripts/Dispatcher/QuantumCallbackHandler_UnityCallbacks.cs
  artifactKey: Guid(61784ba42ceda01498a5fa7ac53adf3d) Importer(815301076,1909f56bfc062723c751e8b465ee728b)
Start importing Assets/Photon/Quantum/Scripts/Dispatcher/QuantumCallbackHandler_UnityCallbacks.cs using Guid(61784ba42ceda01498a5fa7ac53adf3d) Importer(815301076,1909f56bfc062723c751e8b465ee728b)  -> (artifact id: '148a00e8dfc3b265fa73b5d750759dca') in 0.003961 seconds
  Import took 0.008531 seconds .

========================================================================
Received Import Request.
  Time since last request: 540.824126 seconds.
  path: Assets/Game/Character/MyProjectileController.cs
  artifactKey: Guid(b111988216b181c41a185dabdf963d95) Importer(815301076,1909f56bfc062723c751e8b465ee728b)
Start importing Assets/Game/Character/MyProjectileController.cs using Guid(b111988216b181c41a185dabdf963d95) Importer(815301076,1909f56bfc062723c751e8b465ee728b)  -> (artifact id: '512a85eb8f2468225499639c437fc9de') in 0.003598 seconds
  Import took 0.009165 seconds .

========================================================================
Received Import Request.
  Time since last request: 4686.634428 seconds.
  path: Assets/Game/Character/MyProjectileController.cs
  artifactKey: Guid(b111988216b181c41a185dabdf963d95) Importer(815301076,1909f56bfc062723c751e8b465ee728b)
Start importing Assets/Game/Character/MyProjectileController.cs using Guid(b111988216b181c41a185dabdf963d95) Importer(815301076,1909f56bfc062723c751e8b465ee728b)  -> (artifact id: 'f577182b520eefa1b1cf0f1e072998d4') in 0.018122 seconds
  Import took 0.035185 seconds .

========================================================================
Received Import Request.
  Time since last request: 0.001624 seconds.
  path: Assets/Game/Character/MyProjectileController.cs
  artifactKey: Guid(b111988216b181c41a185dabdf963d95) Importer(815301076,1909f56bfc062723c751e8b465ee728b)
Start importing Assets/Game/Character/MyProjectileController.cs using Guid(b111988216b181c41a185dabdf963d95) Importer(815301076,1909f56bfc062723c751e8b465ee728b)  -> (artifact id: 'f577182b520eefa1b1cf0f1e072998d4') in 0.002547 seconds
  Import took 0.006396 seconds .

AssetImportWorkerClient::OnTransportError - code=2 error=End of file
